<?xml version="1.0" encoding="UTF-8"?>
<testsuite xmlns:xsi="http://www.w3.org/2001/XMLSchema-instance" xsi:noNamespaceSchemaLocation="https://maven.apache.org/surefire/maven-surefire-plugin/xsd/surefire-test-report-3.0.xsd" version="3.0" name="com.scientificcalculator.engine.PostfixEvaluatorTest" time="0.031" tests="7" errors="0" skipped="0" failures="0">
  <properties>
[...]
</properties>
  <testcase name="testEvaluate_operatorPrecedence" classname="com.scientificcalculator.engine.PostfixEvaluatorTest" time="0.008">
    <system-out><![CDATA[PostfixEvaluator Debug: Starting evaluation for tokens: [3, 4, 2, *, +]
PostfixEvaluator Debug:   Processing token: '3'
PostfixEvaluator Debug:     -> Pushed Number: 3. Current Stack: [3]
PostfixEvaluator Debug:   End of token processing. Stack: [3]
PostfixEvaluator Debug:   Processing token: '4'
PostfixEvaluator Debug:     -> Pushed Number: 4. Current Stack: [3, 4]
PostfixEvaluator Debug:   End of token processing. Stack: [3, 4]
PostfixEvaluator Debug:   Processing token: '2'
PostfixEvaluator Debug:     -> Pushed Number: 2. Current Stack: [3, 4, 2]
PostfixEvaluator Debug:   End of token processing. Stack: [3, 4, 2]
PostfixEvaluator Debug:   Processing token: '*'
PostfixEvaluator Debug:     - Identified as OPERATOR: * (Type: BINARY)
PostfixEvaluator Debug:     - Popped for binary op: 4, 2
PostfixEvaluator Debug:     -> Pushed Binary Result: 8. Current Stack: [3, 8]
PostfixEvaluator Debug:   End of token processing. Stack: [3, 8]
PostfixEvaluator Debug:   Processing token: '+'
PostfixEvaluator Debug:     - Identified as OPERATOR: + (Type: BINARY)
PostfixEvaluator Debug:     - Popped for binary op: 3, 8
PostfixEvaluator Debug:     -> Pushed Binary Result: 11. Current Stack: [11]
PostfixEvaluator Debug:   End of token processing. Stack: [11]
PostfixEvaluator Debug: Evaluation complete. Final stack size: 1. Final Stack: [11]
]]></system-out>
  </testcase>
  <testcase name="testEvaluate_allOperators" classname="com.scientificcalculator.engine.PostfixEvaluatorTest" time="0.004">
    <system-out><![CDATA[PostfixEvaluator Debug: Starting evaluation for tokens: [3, 4, 2, *, 1, 5, -, 2, ^, /, +]
PostfixEvaluator Debug:   Processing token: '3'
PostfixEvaluator Debug:     -> Pushed Number: 3. Current Stack: [3]
PostfixEvaluator Debug:   End of token processing. Stack: [3]
PostfixEvaluator Debug:   Processing token: '4'
PostfixEvaluator Debug:     -> Pushed Number: 4. Current Stack: [3, 4]
PostfixEvaluator Debug:   End of token processing. Stack: [3, 4]
PostfixEvaluator Debug:   Processing token: '2'
PostfixEvaluator Debug:     -> Pushed Number: 2. Current Stack: [3, 4, 2]
PostfixEvaluator Debug:   End of token processing. Stack: [3, 4, 2]
PostfixEvaluator Debug:   Processing token: '*'
PostfixEvaluator Debug:     - Identified as OPERATOR: * (Type: BINARY)
PostfixEvaluator Debug:     - Popped for binary op: 4, 2
PostfixEvaluator Debug:     -> Pushed Binary Result: 8. Current Stack: [3, 8]
PostfixEvaluator Debug:   End of token processing. Stack: [3, 8]
PostfixEvaluator Debug:   Processing token: '1'
PostfixEvaluator Debug:     -> Pushed Number: 1. Current Stack: [3, 8, 1]
PostfixEvaluator Debug:   End of token processing. Stack: [3, 8, 1]
PostfixEvaluator Debug:   Processing token: '5'
PostfixEvaluator Debug:     -> Pushed Number: 5. Current Stack: [3, 8, 1, 5]
PostfixEvaluator Debug:   End of token processing. Stack: [3, 8, 1, 5]
PostfixEvaluator Debug:   Processing token: '-'
PostfixEvaluator Debug:     - Identified as OPERATOR: - (Type: BINARY)
PostfixEvaluator Debug:     - Popped for binary op: 1, 5
PostfixEvaluator Debug:     -> Pushed Binary Result: -4. Current Stack: [3, 8, -4]
PostfixEvaluator Debug:   End of token processing. Stack: [3, 8, -4]
PostfixEvaluator Debug:   Processing token: '2'
PostfixEvaluator Debug:     -> Pushed Number: 2. Current Stack: [3, 8, -4, 2]
PostfixEvaluator Debug:   End of token processing. Stack: [3, 8, -4, 2]
PostfixEvaluator Debug:   Processing token: '^'
PostfixEvaluator Debug:     - Identified as OPERATOR: ^ (Type: BINARY)
PostfixEvaluator Debug:     - Popped for binary op: -4, 2
PostfixEvaluator Debug:     -> Pushed Binary Result: 16. Current Stack: [3, 8, 16]
PostfixEvaluator Debug:   End of token processing. Stack: [3, 8, 16]
PostfixEvaluator Debug:   Processing token: '/'
PostfixEvaluator Debug:     - Identified as OPERATOR: / (Type: BINARY)
PostfixEvaluator Debug:     - Popped for binary op: 8, 16
PostfixEvaluator Debug:     -> Pushed Binary Result: 0.5. Current Stack: [3, 0.5]
PostfixEvaluator Debug:   End of token processing. Stack: [3, 0.5]
PostfixEvaluator Debug:   Processing token: '+'
PostfixEvaluator Debug:     - Identified as OPERATOR: + (Type: BINARY)
PostfixEvaluator Debug:     - Popped for binary op: 3, 0.5
PostfixEvaluator Debug:     -> Pushed Binary Result: 3.5. Current Stack: [3.5]
PostfixEvaluator Debug:   End of token processing. Stack: [3.5]
PostfixEvaluator Debug: Evaluation complete. Final stack size: 1. Final Stack: [3.5]
]]></system-out>
  </testcase>
  <testcase name="testEvaluate_parentheses" classname="com.scientificcalculator.engine.PostfixEvaluatorTest" time="0.002">
    <system-out><![CDATA[PostfixEvaluator Debug: Starting evaluation for tokens: [3, 4, +, 2, *]
PostfixEvaluator Debug:   Processing token: '3'
PostfixEvaluator Debug:     -> Pushed Number: 3. Current Stack: [3]
PostfixEvaluator Debug:   End of token processing. Stack: [3]
PostfixEvaluator Debug:   Processing token: '4'
PostfixEvaluator Debug:     -> Pushed Number: 4. Current Stack: [3, 4]
PostfixEvaluator Debug:   End of token processing. Stack: [3, 4]
PostfixEvaluator Debug:   Processing token: '+'
PostfixEvaluator Debug:     - Identified as OPERATOR: + (Type: BINARY)
PostfixEvaluator Debug:     - Popped for binary op: 3, 4
PostfixEvaluator Debug:     -> Pushed Binary Result: 7. Current Stack: [7]
PostfixEvaluator Debug:   End of token processing. Stack: [7]
PostfixEvaluator Debug:   Processing token: '2'
PostfixEvaluator Debug:     -> Pushed Number: 2. Current Stack: [7, 2]
PostfixEvaluator Debug:   End of token processing. Stack: [7, 2]
PostfixEvaluator Debug:   Processing token: '*'
PostfixEvaluator Debug:     - Identified as OPERATOR: * (Type: BINARY)
PostfixEvaluator Debug:     - Popped for binary op: 7, 2
PostfixEvaluator Debug:     -> Pushed Binary Result: 14. Current Stack: [14]
PostfixEvaluator Debug:   End of token processing. Stack: [14]
PostfixEvaluator Debug: Evaluation complete. Final stack size: 1. Final Stack: [14]
]]></system-out>
  </testcase>
  <testcase name="testEvaluate_constants" classname="com.scientificcalculator.engine.PostfixEvaluatorTest" time="0.004">
    <system-out><![CDATA[PostfixEvaluator Debug: Starting evaluation for tokens: [PI, 2, *]
PostfixEvaluator Debug:   Processing token: 'PI'
ConstantsLoader Debug: Attempting to get constant 'PI'. Value found: 3.141592653589793
PostfixEvaluator Debug:     -> Pushed Constant: 3.141592653589793. Current Stack: [3.141592653589793115997963468544185]
PostfixEvaluator Debug:   End of token processing. Stack: [3.141592653589793115997963468544185]
PostfixEvaluator Debug:   Processing token: '2'
PostfixEvaluator Debug:     -> Pushed Number: 2. Current Stack: [3.141592653589793115997963468544185, 2]
PostfixEvaluator Debug:   End of token processing. Stack: [3.141592653589793115997963468544185, 2]
PostfixEvaluator Debug:   Processing token: '*'
PostfixEvaluator Debug:     - Identified as OPERATOR: * (Type: BINARY)
PostfixEvaluator Debug:     - Popped for binary op: 3.141592653589793115997963468544185, 2
PostfixEvaluator Debug:     -> Pushed Binary Result: 6.283185307179586231995926937088370. Current Stack: [6.283185307179586231995926937088370]
PostfixEvaluator Debug:   End of token processing. Stack: [6.283185307179586231995926937088370]
PostfixEvaluator Debug: Evaluation complete. Final stack size: 1. Final Stack: [6.283185307179586231995926937088370]
]]></system-out>
  </testcase>
  <testcase name="testEvaluate_simpleAddition" classname="com.scientificcalculator.engine.PostfixEvaluatorTest" time="0.001">
    <system-out><![CDATA[PostfixEvaluator Debug: Starting evaluation for tokens: [3, 4, +]
PostfixEvaluator Debug:   Processing token: '3'
PostfixEvaluator Debug:     -> Pushed Number: 3. Current Stack: [3]
PostfixEvaluator Debug:   End of token processing. Stack: [3]
PostfixEvaluator Debug:   Processing token: '4'
PostfixEvaluator Debug:     -> Pushed Number: 4. Current Stack: [3, 4]
PostfixEvaluator Debug:   End of token processing. Stack: [3, 4]
PostfixEvaluator Debug:   Processing token: '+'
PostfixEvaluator Debug:     - Identified as OPERATOR: + (Type: BINARY)
PostfixEvaluator Debug:     - Popped for binary op: 3, 4
PostfixEvaluator Debug:     -> Pushed Binary Result: 7. Current Stack: [7]
PostfixEvaluator Debug:   End of token processing. Stack: [7]
PostfixEvaluator Debug: Evaluation complete. Final stack size: 1. Final Stack: [7]
]]></system-out>
  </testcase>
  <testcase name="testEvaluate_functions" classname="com.scientificcalculator.engine.PostfixEvaluatorTest" time="0.003">
    <system-out><![CDATA[PostfixEvaluator Debug: Starting evaluation for tokens: [90, sin]
PostfixEvaluator Debug:   Processing token: '90'
PostfixEvaluator Debug:     -> Pushed Number: 90. Current Stack: [90]
PostfixEvaluator Debug:   End of token processing. Stack: [90]
PostfixEvaluator Debug:   Processing token: 'sin'
PostfixEvaluator Debug:     - Identified as OPERATOR: sin (Type: UNARY_FUNCTION)
PostfixEvaluator Debug:     - Popped for unary op: 90
PostfixEvaluator Debug:     -> Pushed Unary Result: 1. Current Stack: [1]
PostfixEvaluator Debug:   End of token processing. Stack: [1]
PostfixEvaluator Debug: Evaluation complete. Final stack size: 1. Final Stack: [1]
]]></system-out>
  </testcase>
  <testcase name="testEvaluate_unaryMinus" classname="com.scientificcalculator.engine.PostfixEvaluatorTest" time="0.002">
    <system-out><![CDATA[PostfixEvaluator Debug: Starting evaluation for tokens: [3, NEG, 4, +]
PostfixEvaluator Debug:   Processing token: '3'
PostfixEvaluator Debug:     -> Pushed Number: 3. Current Stack: [3]
PostfixEvaluator Debug:   End of token processing. Stack: [3]
PostfixEvaluator Debug:   Processing token: 'NEG'
PostfixEvaluator Debug:     - Identified as OPERATOR: NEG (Type: UNARY_PREFIX)
PostfixEvaluator Debug:     - Popped for unary op: 3
PostfixEvaluator Debug:     -> Pushed Unary Result: -3. Current Stack: [-3]
PostfixEvaluator Debug:   End of token processing. Stack: [-3]
PostfixEvaluator Debug:   Processing token: '4'
PostfixEvaluator Debug:     -> Pushed Number: 4. Current Stack: [-3, 4]
PostfixEvaluator Debug:   End of token processing. Stack: [-3, 4]
PostfixEvaluator Debug:   Processing token: '+'
PostfixEvaluator Debug:     - Identified as OPERATOR: + (Type: BINARY)
PostfixEvaluator Debug:     - Popped for binary op: -3, 4
PostfixEvaluator Debug:     -> Pushed Binary Result: 1. Current Stack: [1]
PostfixEvaluator Debug:   End of token processing. Stack: [1]
PostfixEvaluator Debug: Evaluation complete. Final stack size: 1. Final Stack: [1]
]]></system-out>
  </testcase>
</testsuite>