<?xml version="1.0" encoding="UTF-8"?>
<testsuite xmlns:xsi="http://www.w3.org/2001/XMLSchema-instance" xsi:noNamespaceSchemaLocation="https://maven.apache.org/surefire/maven-surefire-plugin/xsd/surefire-test-report-3.0.xsd" version="3.0" name="test.ReproductionTest" time="0.205" tests="6" errors="0" skipped="0" failures="0">
  <properties>
[...]
</properties>
  <testcase name="testNegativeFiveMinusFive" classname="test.ReproductionTest" time="0.17">
    <system-out><![CDATA[ConstantsLoader: Initiating constants loading process...
ConstantsLoader: Cache loaded from C:\Users\2401a/.scientific_calculator/cached_constants.json
ConstantsLoader Debug: Constants loaded from cache: 19 constants.
ConstantsLoader: Constants loaded successfully from local cache.
Engine processing command: -
  Primary Display: 0
  Secondary Display: -
  Infix Tokens: [-]
  Last Num: false, Last Op: true, Last Const: false, Last Eq: false
Engine processing command: 5
  Primary Display: -5
  Secondary Display: -5
  Infix Tokens: [-5]
  Last Num: true, Last Op: false, Last Const: false, Last Eq: false
Engine processing command: -
  Primary Display: 0
  Secondary Display: -5 -
  Infix Tokens: [-5, -]
  Last Num: false, Last Op: true, Last Const: false, Last Eq: false
Engine processing command: 5
  Primary Display: 5
  Secondary Display: -5 - 5
  Infix Tokens: [-5, -, 5]
  Last Num: true, Last Op: false, Last Const: false, Last Eq: false
Engine processing command: =
InfixToPostfixConverter Debug: Processing token: '-5' (Last Token Type: START)
InfixToPostfixConverter Debug:   - Identified as NUMERIC
InfixToPostfixConverter Debug: Processing token: '-' (Last Token Type: NUMBER)
InfixToPostfixConverter Debug:   - Identified as OPERATOR
InfixToPostfixConverter Debug: Processing token: '5' (Last Token Type: OPERATOR)
InfixToPostfixConverter Debug:   - Identified as NUMERIC
InfixToPostfixConverter Debug: Infix: [-5, -, 5] -> Postfix: [-5, 5, -]
PostfixEvaluator Debug: Starting evaluation for tokens: [-5, 5, -]
PostfixEvaluator Debug:   Processing token: '-5'
PostfixEvaluator Debug:     -> Pushed Number: -5. Current Stack: [-5]
PostfixEvaluator Debug:   End of token processing. Stack: [-5]
PostfixEvaluator Debug:   Processing token: '5'
PostfixEvaluator Debug:     -> Pushed Number: 5. Current Stack: [-5, 5]
PostfixEvaluator Debug:   End of token processing. Stack: [-5, 5]
PostfixEvaluator Debug:   Processing token: '-'
PostfixEvaluator Debug:     - Identified as OPERATOR: - (Type: BINARY)
PostfixEvaluator Debug:     - Popped for binary op: -5, 5
PostfixEvaluator Debug:     -> Pushed Binary Result: -10. Current Stack: [-10]
PostfixEvaluator Debug:   End of token processing. Stack: [-10]
PostfixEvaluator Debug: Evaluation complete. Final stack size: 1. Final Stack: [-10]
  Primary Display: -10
  Secondary Display: -10 =
  Infix Tokens: [-10]
  Last Num: true, Last Op: false, Last Const: false, Last Eq: true
]]></system-out>
  </testcase>
  <testcase name="testImplicitMultiplication_NoBracket" classname="test.ReproductionTest" time="0.002">
    <system-out><![CDATA[Engine processing command: 2
  Primary Display: 2
  Secondary Display: 2
  Infix Tokens: [2]
  Last Num: true, Last Op: false, Last Const: false, Last Eq: false
Engine processing command: 3
  Primary Display: 23
  Secondary Display: 23
  Infix Tokens: [23]
  Last Num: true, Last Op: false, Last Const: false, Last Eq: false
Engine processing command: =
InfixToPostfixConverter Debug: Processing token: '23' (Last Token Type: START)
InfixToPostfixConverter Debug:   - Identified as NUMERIC
InfixToPostfixConverter Debug: Infix: [23] -> Postfix: [23]
PostfixEvaluator Debug: Starting evaluation for tokens: [23]
PostfixEvaluator Debug:   Processing token: '23'
PostfixEvaluator Debug:     -> Pushed Number: 23. Current Stack: [23]
PostfixEvaluator Debug:   End of token processing. Stack: [23]
PostfixEvaluator Debug: Evaluation complete. Final stack size: 1. Final Stack: [23]
  Primary Display: 23
  Secondary Display: 23 =
  Infix Tokens: [23]
  Last Num: true, Last Op: false, Last Const: false, Last Eq: true
]]></system-out>
  </testcase>
  <testcase name="testImplicitMultiplication_WithBracket" classname="test.ReproductionTest" time="0.004">
    <system-out><![CDATA[Engine processing command: 2
  Primary Display: 2
  Secondary Display: 2
  Infix Tokens: [2]
  Last Num: true, Last Op: false, Last Const: false, Last Eq: false
Engine processing command: (
  Primary Display: 0
  Secondary Display: 2 * (
  Infix Tokens: [2, *, (]
  Last Num: false, Last Op: true, Last Const: false, Last Eq: false
Engine processing command: 3
  Primary Display: 3
  Secondary Display: 2 * ( 3
  Infix Tokens: [2, *, (, 3]
  Last Num: true, Last Op: false, Last Const: false, Last Eq: false
Engine processing command: )
  Primary Display: 0
  Secondary Display: 2 * ( 3 )
  Infix Tokens: [2, *, (, 3, )]
  Last Num: false, Last Op: true, Last Const: false, Last Eq: false
Engine processing command: =
InfixToPostfixConverter Debug: Processing token: '2' (Last Token Type: START)
InfixToPostfixConverter Debug:   - Identified as NUMERIC
InfixToPostfixConverter Debug: Processing token: '*' (Last Token Type: NUMBER)
InfixToPostfixConverter Debug:   - Identified as OPERATOR
InfixToPostfixConverter Debug: Processing token: '(' (Last Token Type: OPERATOR)
InfixToPostfixConverter Debug:   - Identified as OPERATOR
InfixToPostfixConverter Debug: Processing token: '3' (Last Token Type: PAREN_OPEN)
InfixToPostfixConverter Debug:   - Identified as NUMERIC
InfixToPostfixConverter Debug: Processing token: ')' (Last Token Type: NUMBER)
InfixToPostfixConverter Debug:   - Identified as OPERATOR
InfixToPostfixConverter Debug: Infix: [2, *, (, 3, )] -> Postfix: [2, 3, *]
PostfixEvaluator Debug: Starting evaluation for tokens: [2, 3, *]
PostfixEvaluator Debug:   Processing token: '2'
PostfixEvaluator Debug:     -> Pushed Number: 2. Current Stack: [2]
PostfixEvaluator Debug:   End of token processing. Stack: [2]
PostfixEvaluator Debug:   Processing token: '3'
PostfixEvaluator Debug:     -> Pushed Number: 3. Current Stack: [2, 3]
PostfixEvaluator Debug:   End of token processing. Stack: [2, 3]
PostfixEvaluator Debug:   Processing token: '*'
PostfixEvaluator Debug:     - Identified as OPERATOR: * (Type: BINARY)
PostfixEvaluator Debug:     - Popped for binary op: 2, 3
PostfixEvaluator Debug:     -> Pushed Binary Result: 6. Current Stack: [6]
PostfixEvaluator Debug:   End of token processing. Stack: [6]
PostfixEvaluator Debug: Evaluation complete. Final stack size: 1. Final Stack: [6]
  Primary Display: 6
  Secondary Display: 6 =
  Infix Tokens: [6]
  Last Num: false, Last Op: true, Last Const: false, Last Eq: true
]]></system-out>
  </testcase>
  <testcase name="testNegativeStart" classname="test.ReproductionTest" time="0.003">
    <system-out><![CDATA[Engine processing command: -
  Primary Display: 0
  Secondary Display: -
  Infix Tokens: [-]
  Last Num: false, Last Op: true, Last Const: false, Last Eq: false
Engine processing command: 5
  Primary Display: -5
  Secondary Display: -5
  Infix Tokens: [-5]
  Last Num: true, Last Op: false, Last Const: false, Last Eq: false
Engine processing command: +
  Primary Display: 0
  Secondary Display: -5 +
  Infix Tokens: [-5, +]
  Last Num: false, Last Op: true, Last Const: false, Last Eq: false
Engine processing command: 3
  Primary Display: 3
  Secondary Display: -5 + 3
  Infix Tokens: [-5, +, 3]
  Last Num: true, Last Op: false, Last Const: false, Last Eq: false
Engine processing command: =
InfixToPostfixConverter Debug: Processing token: '-5' (Last Token Type: START)
InfixToPostfixConverter Debug:   - Identified as NUMERIC
InfixToPostfixConverter Debug: Processing token: '+' (Last Token Type: NUMBER)
InfixToPostfixConverter Debug:   - Identified as OPERATOR
InfixToPostfixConverter Debug: Processing token: '3' (Last Token Type: OPERATOR)
InfixToPostfixConverter Debug:   - Identified as NUMERIC
InfixToPostfixConverter Debug: Infix: [-5, +, 3] -> Postfix: [-5, 3, +]
PostfixEvaluator Debug: Starting evaluation for tokens: [-5, 3, +]
PostfixEvaluator Debug:   Processing token: '-5'
PostfixEvaluator Debug:     -> Pushed Number: -5. Current Stack: [-5]
PostfixEvaluator Debug:   End of token processing. Stack: [-5]
PostfixEvaluator Debug:   Processing token: '3'
PostfixEvaluator Debug:     -> Pushed Number: 3. Current Stack: [-5, 3]
PostfixEvaluator Debug:   End of token processing. Stack: [-5, 3]
PostfixEvaluator Debug:   Processing token: '+'
PostfixEvaluator Debug:     - Identified as OPERATOR: + (Type: BINARY)
PostfixEvaluator Debug:     - Popped for binary op: -5, 3
PostfixEvaluator Debug:     -> Pushed Binary Result: -2. Current Stack: [-2]
PostfixEvaluator Debug:   End of token processing. Stack: [-2]
PostfixEvaluator Debug: Evaluation complete. Final stack size: 1. Final Stack: [-2]
  Primary Display: -2
  Secondary Display: -2 =
  Infix Tokens: [-2]
  Last Num: true, Last Op: false, Last Const: false, Last Eq: true
]]></system-out>
  </testcase>
  <testcase name="testNegativeNumber_Subtraction" classname="test.ReproductionTest" time="0.002">
    <system-out><![CDATA[Engine processing command: 5
  Primary Display: 5
  Secondary Display: 5
  Infix Tokens: [5]
  Last Num: true, Last Op: false, Last Const: false, Last Eq: false
Engine processing command: -
  Primary Display: 0
  Secondary Display: 5 -
  Infix Tokens: [5, -]
  Last Num: false, Last Op: true, Last Const: false, Last Eq: false
Engine processing command: 3
  Primary Display: 3
  Secondary Display: 5 - 3
  Infix Tokens: [5, -, 3]
  Last Num: true, Last Op: false, Last Const: false, Last Eq: false
Engine processing command: =
InfixToPostfixConverter Debug: Processing token: '5' (Last Token Type: START)
InfixToPostfixConverter Debug:   - Identified as NUMERIC
InfixToPostfixConverter Debug: Processing token: '-' (Last Token Type: NUMBER)
InfixToPostfixConverter Debug:   - Identified as OPERATOR
InfixToPostfixConverter Debug: Processing token: '3' (Last Token Type: OPERATOR)
InfixToPostfixConverter Debug:   - Identified as NUMERIC
InfixToPostfixConverter Debug: Infix: [5, -, 3] -> Postfix: [5, 3, -]
PostfixEvaluator Debug: Starting evaluation for tokens: [5, 3, -]
PostfixEvaluator Debug:   Processing token: '5'
PostfixEvaluator Debug:     -> Pushed Number: 5. Current Stack: [5]
PostfixEvaluator Debug:   End of token processing. Stack: [5]
PostfixEvaluator Debug:   Processing token: '3'
PostfixEvaluator Debug:     -> Pushed Number: 3. Current Stack: [5, 3]
PostfixEvaluator Debug:   End of token processing. Stack: [5, 3]
PostfixEvaluator Debug:   Processing token: '-'
PostfixEvaluator Debug:     - Identified as OPERATOR: - (Type: BINARY)
PostfixEvaluator Debug:     - Popped for binary op: 5, 3
PostfixEvaluator Debug:     -> Pushed Binary Result: 2. Current Stack: [2]
PostfixEvaluator Debug:   End of token processing. Stack: [2]
PostfixEvaluator Debug: Evaluation complete. Final stack size: 1. Final Stack: [2]
  Primary Display: 2
  Secondary Display: 2 =
  Infix Tokens: [2]
  Last Num: true, Last Op: false, Last Const: false, Last Eq: true
]]></system-out>
  </testcase>
  <testcase name="testNegativeNumber_Multiplication" classname="test.ReproductionTest" time="0.003">
    <system-out><![CDATA[Engine processing command: 5
  Primary Display: 5
  Secondary Display: 5
  Infix Tokens: [5]
  Last Num: true, Last Op: false, Last Const: false, Last Eq: false
Engine processing command: *
  Primary Display: 0
  Secondary Display: 5 *
  Infix Tokens: [5, *]
  Last Num: false, Last Op: true, Last Const: false, Last Eq: false
Engine processing command: -
  Primary Display: 0
  Secondary Display: 5 * -
  Infix Tokens: [5, *, -]
  Last Num: false, Last Op: true, Last Const: false, Last Eq: false
Engine processing command: 3
  Primary Display: -3
  Secondary Display: 5 * -3
  Infix Tokens: [5, *, -3]
  Last Num: true, Last Op: false, Last Const: false, Last Eq: false
Engine processing command: =
InfixToPostfixConverter Debug: Processing token: '5' (Last Token Type: START)
InfixToPostfixConverter Debug:   - Identified as NUMERIC
InfixToPostfixConverter Debug: Processing token: '*' (Last Token Type: NUMBER)
InfixToPostfixConverter Debug:   - Identified as OPERATOR
InfixToPostfixConverter Debug: Processing token: '-3' (Last Token Type: OPERATOR)
InfixToPostfixConverter Debug:   - Identified as NUMERIC
InfixToPostfixConverter Debug: Infix: [5, *, -3] -> Postfix: [5, -3, *]
PostfixEvaluator Debug: Starting evaluation for tokens: [5, -3, *]
PostfixEvaluator Debug:   Processing token: '5'
PostfixEvaluator Debug:     -> Pushed Number: 5. Current Stack: [5]
PostfixEvaluator Debug:   End of token processing. Stack: [5]
PostfixEvaluator Debug:   Processing token: '-3'
PostfixEvaluator Debug:     -> Pushed Number: -3. Current Stack: [5, -3]
PostfixEvaluator Debug:   End of token processing. Stack: [5, -3]
PostfixEvaluator Debug:   Processing token: '*'
PostfixEvaluator Debug:     - Identified as OPERATOR: * (Type: BINARY)
PostfixEvaluator Debug:     - Popped for binary op: 5, -3
PostfixEvaluator Debug:     -> Pushed Binary Result: -15. Current Stack: [-15]
PostfixEvaluator Debug:   End of token processing. Stack: [-15]
PostfixEvaluator Debug: Evaluation complete. Final stack size: 1. Final Stack: [-15]
  Primary Display: -15
  Secondary Display: -15 =
  Infix Tokens: [-15]
  Last Num: true, Last Op: false, Last Const: false, Last Eq: true
]]></system-out>
  </testcase>
</testsuite>