<?xml version="1.0" encoding="UTF-8"?>
<testsuite xmlns:xsi="http://www.w3.org/2001/XMLSchema-instance" xsi:noNamespaceSchemaLocation="https://maven.apache.org/surefire/maven-surefire-plugin/xsd/surefire-test-report-3.0.xsd" version="3.0" name="com.scientificcalculator.engine.InfixToPostfixConverterTest" time="0.249" tests="7" errors="0" skipped="0" failures="0">
  <properties>
[...]
</properties>
  <testcase name="testConvert_allOperators" classname="com.scientificcalculator.engine.InfixToPostfixConverterTest" time="0.027">
    <system-out><![CDATA[ConstantsLoader: Initiating constants loading process...
ConstantsLoader: Cache loaded from C:\Users\2401a/.scientific_calculator/cached_constants.json
ConstantsLoader Debug: Constants loaded from cache: 19 constants.
ConstantsLoader: Constants loaded successfully from local cache.
InfixToPostfixConverter Debug: Processing token: '3' (Last Token Type: START)
InfixToPostfixConverter Debug:   - Identified as NUMERIC
InfixToPostfixConverter Debug: Processing token: '+' (Last Token Type: NUMBER)
InfixToPostfixConverter Debug:   - Identified as OPERATOR
InfixToPostfixConverter Debug: Processing token: '4' (Last Token Type: OPERATOR)
InfixToPostfixConverter Debug:   - Identified as NUMERIC
InfixToPostfixConverter Debug: Processing token: '*' (Last Token Type: NUMBER)
InfixToPostfixConverter Debug:   - Identified as OPERATOR
InfixToPostfixConverter Debug: Processing token: '2' (Last Token Type: OPERATOR)
InfixToPostfixConverter Debug:   - Identified as NUMERIC
InfixToPostfixConverter Debug: Processing token: '/' (Last Token Type: NUMBER)
InfixToPostfixConverter Debug:   - Identified as OPERATOR
InfixToPostfixConverter Debug: Processing token: '(' (Last Token Type: OPERATOR)
InfixToPostfixConverter Debug:   - Identified as OPERATOR
InfixToPostfixConverter Debug: Processing token: '1' (Last Token Type: PAREN_OPEN)
InfixToPostfixConverter Debug:   - Identified as NUMERIC
InfixToPostfixConverter Debug: Processing token: '-' (Last Token Type: NUMBER)
InfixToPostfixConverter Debug:   - Identified as OPERATOR
InfixToPostfixConverter Debug: Processing token: '5' (Last Token Type: OPERATOR)
InfixToPostfixConverter Debug:   - Identified as NUMERIC
InfixToPostfixConverter Debug: Processing token: ')' (Last Token Type: NUMBER)
InfixToPostfixConverter Debug:   - Identified as OPERATOR
InfixToPostfixConverter Debug: Processing token: '^' (Last Token Type: PAREN_CLOSE)
InfixToPostfixConverter Debug:   - Identified as OPERATOR
InfixToPostfixConverter Debug: Processing token: '2' (Last Token Type: OPERATOR)
InfixToPostfixConverter Debug:   - Identified as NUMERIC
InfixToPostfixConverter Debug: Infix: [3, +, 4, *, 2, /, (, 1, -, 5, ), ^, 2] -> Postfix: [3, 4, 2, *, 1, 5, -, 2, ^, /, +]
]]></system-out>
  </testcase>
  <testcase name="testConvert_constants" classname="com.scientificcalculator.engine.InfixToPostfixConverterTest" time="0.001">
    <system-out><![CDATA[InfixToPostfixConverter Debug: Processing token: 'PI' (Last Token Type: START)
InfixToPostfixConverter Debug:   - Identified as CONSTANT
InfixToPostfixConverter Debug: Processing token: '*' (Last Token Type: CONSTANT)
InfixToPostfixConverter Debug:   - Identified as OPERATOR
InfixToPostfixConverter Debug: Processing token: '2' (Last Token Type: OPERATOR)
InfixToPostfixConverter Debug:   - Identified as NUMERIC
InfixToPostfixConverter Debug: Infix: [PI, *, 2] -> Postfix: [PI, 2, *]
]]></system-out>
  </testcase>
  <testcase name="testConvert_functions" classname="com.scientificcalculator.engine.InfixToPostfixConverterTest" time="0.002">
    <system-out><![CDATA[InfixToPostfixConverter Debug: Processing token: 'sin' (Last Token Type: START)
InfixToPostfixConverter Debug:   - Identified as OPERATOR
InfixToPostfixConverter Debug: Processing token: '(' (Last Token Type: FUNCTION)
InfixToPostfixConverter Debug:   - Identified as OPERATOR
InfixToPostfixConverter Debug: Processing token: '3' (Last Token Type: PAREN_OPEN)
InfixToPostfixConverter Debug:   - Identified as NUMERIC
InfixToPostfixConverter Debug: Processing token: ')' (Last Token Type: NUMBER)
InfixToPostfixConverter Debug:   - Identified as OPERATOR
InfixToPostfixConverter Debug: Processing token: '+' (Last Token Type: PAREN_CLOSE)
InfixToPostfixConverter Debug:   - Identified as OPERATOR
InfixToPostfixConverter Debug: Processing token: 'cos' (Last Token Type: OPERATOR)
InfixToPostfixConverter Debug:   - Identified as OPERATOR
InfixToPostfixConverter Debug: Processing token: '(' (Last Token Type: FUNCTION)
InfixToPostfixConverter Debug:   - Identified as OPERATOR
InfixToPostfixConverter Debug: Processing token: '4' (Last Token Type: PAREN_OPEN)
InfixToPostfixConverter Debug:   - Identified as NUMERIC
InfixToPostfixConverter Debug: Processing token: ')' (Last Token Type: NUMBER)
InfixToPostfixConverter Debug:   - Identified as OPERATOR
InfixToPostfixConverter Debug: Infix: [sin, (, 3, ), +, cos, (, 4, )] -> Postfix: [3, sin, 4, cos, +]
]]></system-out>
  </testcase>
  <testcase name="testConvert_simpleAddition" classname="com.scientificcalculator.engine.InfixToPostfixConverterTest" time="0.001">
    <system-out><![CDATA[InfixToPostfixConverter Debug: Processing token: '3' (Last Token Type: START)
InfixToPostfixConverter Debug:   - Identified as NUMERIC
InfixToPostfixConverter Debug: Processing token: '+' (Last Token Type: NUMBER)
InfixToPostfixConverter Debug:   - Identified as OPERATOR
InfixToPostfixConverter Debug: Processing token: '4' (Last Token Type: OPERATOR)
InfixToPostfixConverter Debug:   - Identified as NUMERIC
InfixToPostfixConverter Debug: Infix: [3, +, 4] -> Postfix: [3, 4, +]
]]></system-out>
  </testcase>
  <testcase name="testConvert_unaryMinus" classname="com.scientificcalculator.engine.InfixToPostfixConverterTest" time="0.0">
    <system-out><![CDATA[InfixToPostfixConverter Debug: Processing token: '-' (Last Token Type: START)
InfixToPostfixConverter Debug:   - Converted '-' to UNARY NEGATION (NEG)
InfixToPostfixConverter Debug:   - Identified as OPERATOR
InfixToPostfixConverter Debug: Processing token: '3' (Last Token Type: FUNCTION)
InfixToPostfixConverter Debug:   - Identified as NUMERIC
InfixToPostfixConverter Debug: Processing token: '+' (Last Token Type: NUMBER)
InfixToPostfixConverter Debug:   - Identified as OPERATOR
InfixToPostfixConverter Debug: Processing token: '4' (Last Token Type: OPERATOR)
InfixToPostfixConverter Debug:   - Identified as NUMERIC
InfixToPostfixConverter Debug: Infix: [-, 3, +, 4] -> Postfix: [3, NEG, 4, +]
]]></system-out>
  </testcase>
  <testcase name="testConvert_parentheses" classname="com.scientificcalculator.engine.InfixToPostfixConverterTest" time="0.0">
    <system-out><![CDATA[InfixToPostfixConverter Debug: Processing token: '(' (Last Token Type: START)
InfixToPostfixConverter Debug:   - Identified as OPERATOR
InfixToPostfixConverter Debug: Processing token: '3' (Last Token Type: PAREN_OPEN)
InfixToPostfixConverter Debug:   - Identified as NUMERIC
InfixToPostfixConverter Debug: Processing token: '+' (Last Token Type: NUMBER)
InfixToPostfixConverter Debug:   - Identified as OPERATOR
InfixToPostfixConverter Debug: Processing token: '4' (Last Token Type: OPERATOR)
InfixToPostfixConverter Debug:   - Identified as NUMERIC
InfixToPostfixConverter Debug: Processing token: ')' (Last Token Type: NUMBER)
InfixToPostfixConverter Debug:   - Identified as OPERATOR
InfixToPostfixConverter Debug: Processing token: '*' (Last Token Type: PAREN_CLOSE)
InfixToPostfixConverter Debug:   - Identified as OPERATOR
InfixToPostfixConverter Debug: Processing token: '2' (Last Token Type: OPERATOR)
InfixToPostfixConverter Debug:   - Identified as NUMERIC
InfixToPostfixConverter Debug: Infix: [(, 3, +, 4, ), *, 2] -> Postfix: [3, 4, +, 2, *]
]]></system-out>
  </testcase>
  <testcase name="testConvert_operatorPrecedence" classname="com.scientificcalculator.engine.InfixToPostfixConverterTest" time="0.002">
    <system-out><![CDATA[InfixToPostfixConverter Debug: Processing token: '3' (Last Token Type: START)
InfixToPostfixConverter Debug:   - Identified as NUMERIC
InfixToPostfixConverter Debug: Processing token: '+' (Last Token Type: NUMBER)
InfixToPostfixConverter Debug:   - Identified as OPERATOR
InfixToPostfixConverter Debug: Processing token: '4' (Last Token Type: OPERATOR)
InfixToPostfixConverter Debug:   - Identified as NUMERIC
InfixToPostfixConverter Debug: Processing token: '*' (Last Token Type: NUMBER)
InfixToPostfixConverter Debug:   - Identified as OPERATOR
InfixToPostfixConverter Debug: Processing token: '2' (Last Token Type: OPERATOR)
InfixToPostfixConverter Debug:   - Identified as NUMERIC
InfixToPostfixConverter Debug: Infix: [3, +, 4, *, 2] -> Postfix: [3, 4, 2, *, +]
]]></system-out>
  </testcase>
</testsuite>